<?xml version="1.0" encoding="UTF-8"?>
<testsuite name="avenuecode.ws.ProductControllerTest" tests="2" skipped="0" failures="0" errors="0" timestamp="2017-06-21T06:23:49" hostname="M-SFO1-SFO1261" time="0.006">
  <properties/>
  <testcase name="shouldGetProductWhenIdIsValid" classname="avenuecode.ws.ProductControllerTest" time="0.003"/>
  <testcase name="shouldGetAllProducts" classname="avenuecode.ws.ProductControllerTest" time="0.003"/>
  <system-out><![CDATA[2017-06-20 23:23:49.935  INFO 87532 --- [    Test worker] .b.t.c.SpringBootTestContextBootstrapper : Neither @ContextConfiguration nor @ContextHierarchy found for test class [avenuecode.ws.ProductControllerTest], using SpringBootContextLoader
2017-06-20 23:23:49.936  INFO 87532 --- [    Test worker] o.s.t.c.support.AbstractContextLoader    : Could not detect default resource locations for test class [avenuecode.ws.ProductControllerTest]: no resource found for suffixes {-context.xml, Context.groovy}.
2017-06-20 23:23:49.936  INFO 87532 --- [    Test worker] t.c.s.AnnotationConfigContextLoaderUtils : Could not detect default configuration classes for test class [avenuecode.ws.ProductControllerTest]: ProductControllerTest does not declare any static, non-private, non-final, nested classes annotated with @Configuration.
2017-06-20 23:23:49.939  INFO 87532 --- [    Test worker] .b.t.c.SpringBootTestContextBootstrapper : Found @SpringBootConfiguration avenuecode.Application for test class avenuecode.ws.ProductControllerTest
2017-06-20 23:23:49.942  INFO 87532 --- [    Test worker] .b.t.c.SpringBootTestContextBootstrapper : Loaded default TestExecutionListener class names from location [META-INF/spring.factories]: [org.springframework.boot.test.mock.mockito.MockitoTestExecutionListener, org.springframework.boot.test.mock.mockito.ResetMocksTestExecutionListener, org.springframework.boot.test.autoconfigure.restdocs.RestDocsTestExecutionListener, org.springframework.boot.test.autoconfigure.web.client.MockRestServiceServerResetTestExecutionListener, org.springframework.boot.test.autoconfigure.web.servlet.MockMvcPrintOnlyOnFailureTestExecutionListener, org.springframework.boot.test.autoconfigure.web.servlet.WebDriverTestExecutionListener, org.springframework.test.context.web.ServletTestExecutionListener, org.springframework.test.context.support.DirtiesContextBeforeModesTestExecutionListener, org.springframework.test.context.support.DependencyInjectionTestExecutionListener, org.springframework.test.context.support.DirtiesContextTestExecutionListener, org.springframework.test.context.transaction.TransactionalTestExecutionListener, org.springframework.test.context.jdbc.SqlScriptsTestExecutionListener]
2017-06-20 23:23:49.944  INFO 87532 --- [    Test worker] .b.t.c.SpringBootTestContextBootstrapper : Using TestExecutionListeners: [org.springframework.test.context.web.ServletTestExecutionListener@10b97bc5, org.springframework.test.context.support.DirtiesContextBeforeModesTestExecutionListener@22ced77, org.springframework.boot.test.autoconfigure.SpringBootDependencyInjectionTestExecutionListener@13fc4640, org.springframework.test.context.support.DirtiesContextTestExecutionListener@856fe61, org.springframework.test.context.transaction.TransactionalTestExecutionListener@536acbfd, org.springframework.test.context.jdbc.SqlScriptsTestExecutionListener@36c8d3b2, org.springframework.boot.test.autoconfigure.restdocs.RestDocsTestExecutionListener@47774d6d, org.springframework.boot.test.mock.mockito.MockitoTestExecutionListener@786d0614, org.springframework.boot.test.autoconfigure.web.servlet.MockMvcPrintOnlyOnFailureTestExecutionListener@7d5d1fc7, org.springframework.boot.test.autoconfigure.web.servlet.WebDriverTestExecutionListener@df8069d, org.springframework.boot.test.autoconfigure.web.client.MockRestServiceServerResetTestExecutionListener@70992e6a, org.springframework.boot.test.mock.mockito.ResetMocksTestExecutionListener@60d4cbcb]
Hibernate: select product0_.id as id1_2_0_, product0_.name as name2_2_0_, product0_.price as price3_2_0_ from products product0_ where product0_.id=?
Hibernate: select product0_.id as id1_2_, product0_.name as name2_2_, product0_.price as price3_2_ from products product0_
]]></system-out>
  <system-err><![CDATA[]]></system-err>
</testsuite>
