<?xml version="1.0" encoding="UTF-8"?>
<testsuite name="avenuecode.ws.ProductControllerTest" tests="2" skipped="0" failures="0" errors="0" timestamp="2017-06-20T03:05:50" hostname="M-SFO1-SFO1261" time="0.009">
  <properties/>
  <testcase name="shouldGetProductWhenIdIsValid" classname="avenuecode.ws.ProductControllerTest" time="0.004"/>
  <testcase name="shouldGetAllProducts" classname="avenuecode.ws.ProductControllerTest" time="0.004"/>
  <system-out><![CDATA[2017-06-19 20:05:50.222  INFO 61120 --- [    Test worker] .b.t.c.SpringBootTestContextBootstrapper : Neither @ContextConfiguration nor @ContextHierarchy found for test class [avenuecode.ws.ProductControllerTest], using SpringBootContextLoader
2017-06-19 20:05:50.222  INFO 61120 --- [    Test worker] o.s.t.c.support.AbstractContextLoader    : Could not detect default resource locations for test class [avenuecode.ws.ProductControllerTest]: no resource found for suffixes {-context.xml, Context.groovy}.
2017-06-19 20:05:50.223  INFO 61120 --- [    Test worker] t.c.s.AnnotationConfigContextLoaderUtils : Could not detect default configuration classes for test class [avenuecode.ws.ProductControllerTest]: ProductControllerTest does not declare any static, non-private, non-final, nested classes annotated with @Configuration.
2017-06-19 20:05:50.224  INFO 61120 --- [    Test worker] .b.t.c.SpringBootTestContextBootstrapper : Found @SpringBootConfiguration avenuecode.Application for test class avenuecode.ws.ProductControllerTest
2017-06-19 20:05:50.229  INFO 61120 --- [    Test worker] .b.t.c.SpringBootTestContextBootstrapper : Loaded default TestExecutionListener class names from location [META-INF/spring.factories]: [org.springframework.boot.test.mock.mockito.MockitoTestExecutionListener, org.springframework.boot.test.mock.mockito.ResetMocksTestExecutionListener, org.springframework.boot.test.autoconfigure.restdocs.RestDocsTestExecutionListener, org.springframework.boot.test.autoconfigure.web.client.MockRestServiceServerResetTestExecutionListener, org.springframework.boot.test.autoconfigure.web.servlet.MockMvcPrintOnlyOnFailureTestExecutionListener, org.springframework.boot.test.autoconfigure.web.servlet.WebDriverTestExecutionListener, org.springframework.test.context.web.ServletTestExecutionListener, org.springframework.test.context.support.DirtiesContextBeforeModesTestExecutionListener, org.springframework.test.context.support.DependencyInjectionTestExecutionListener, org.springframework.test.context.support.DirtiesContextTestExecutionListener, org.springframework.test.context.transaction.TransactionalTestExecutionListener, org.springframework.test.context.jdbc.SqlScriptsTestExecutionListener]
2017-06-19 20:05:50.230  INFO 61120 --- [    Test worker] .b.t.c.SpringBootTestContextBootstrapper : Using TestExecutionListeners: [org.springframework.test.context.web.ServletTestExecutionListener@1e970b72, org.springframework.test.context.support.DirtiesContextBeforeModesTestExecutionListener@7cedd780, org.springframework.boot.test.autoconfigure.SpringBootDependencyInjectionTestExecutionListener@57203f82, org.springframework.test.context.support.DirtiesContextTestExecutionListener@57df53cf, org.springframework.test.context.transaction.TransactionalTestExecutionListener@71351edd, org.springframework.test.context.jdbc.SqlScriptsTestExecutionListener@63f686ac, org.springframework.boot.test.autoconfigure.web.client.MockRestServiceServerResetTestExecutionListener@35fc797f, org.springframework.boot.test.autoconfigure.web.servlet.WebDriverTestExecutionListener@18900524, org.springframework.boot.test.mock.mockito.ResetMocksTestExecutionListener@410a231d, org.springframework.boot.test.mock.mockito.MockitoTestExecutionListener@161e1e76, org.springframework.boot.test.autoconfigure.web.servlet.MockMvcPrintOnlyOnFailureTestExecutionListener@407faa4b, org.springframework.boot.test.autoconfigure.restdocs.RestDocsTestExecutionListener@58de3e45]
Hibernate: select product0_.id as id1_2_0_, product0_.name as name2_2_0_, product0_.price as price3_2_0_ from products product0_ where product0_.id=?
Hibernate: select product0_.id as id1_2_, product0_.name as name2_2_, product0_.price as price3_2_ from products product0_
]]></system-out>
  <system-err><![CDATA[]]></system-err>
</testsuite>
