<?xml version="1.0" encoding="UTF-8"?>
<testsuite name="avenuecode.ws.ProductControllerTest" tests="2" skipped="0" failures="0" errors="0" timestamp="2017-06-20T05:12:41" hostname="Erics-MacBook-Air.local" time="0.019">
  <properties/>
  <testcase name="shouldGetProductWhenIdIsValid" classname="avenuecode.ws.ProductControllerTest" time="0.007"/>
  <testcase name="shouldGetAllProducts" classname="avenuecode.ws.ProductControllerTest" time="0.01"/>
  <system-out><![CDATA[2017-06-19 22:12:41.706  INFO 24877 --- [    Test worker] .b.t.c.SpringBootTestContextBootstrapper : Neither @ContextConfiguration nor @ContextHierarchy found for test class [avenuecode.ws.ProductControllerTest], using SpringBootContextLoader
2017-06-19 22:12:41.708  INFO 24877 --- [    Test worker] o.s.t.c.support.AbstractContextLoader    : Could not detect default resource locations for test class [avenuecode.ws.ProductControllerTest]: no resource found for suffixes {-context.xml, Context.groovy}.
2017-06-19 22:12:41.708  INFO 24877 --- [    Test worker] t.c.s.AnnotationConfigContextLoaderUtils : Could not detect default configuration classes for test class [avenuecode.ws.ProductControllerTest]: ProductControllerTest does not declare any static, non-private, non-final, nested classes annotated with @Configuration.
2017-06-19 22:12:41.714  INFO 24877 --- [    Test worker] .b.t.c.SpringBootTestContextBootstrapper : Found @SpringBootConfiguration avenuecode.Application for test class avenuecode.ws.ProductControllerTest
2017-06-19 22:12:41.717  INFO 24877 --- [    Test worker] .b.t.c.SpringBootTestContextBootstrapper : Loaded default TestExecutionListener class names from location [META-INF/spring.factories]: [org.springframework.boot.test.mock.mockito.MockitoTestExecutionListener, org.springframework.boot.test.mock.mockito.ResetMocksTestExecutionListener, org.springframework.boot.test.autoconfigure.restdocs.RestDocsTestExecutionListener, org.springframework.boot.test.autoconfigure.web.client.MockRestServiceServerResetTestExecutionListener, org.springframework.boot.test.autoconfigure.web.servlet.MockMvcPrintOnlyOnFailureTestExecutionListener, org.springframework.boot.test.autoconfigure.web.servlet.WebDriverTestExecutionListener, org.springframework.test.context.web.ServletTestExecutionListener, org.springframework.test.context.support.DirtiesContextBeforeModesTestExecutionListener, org.springframework.test.context.support.DependencyInjectionTestExecutionListener, org.springframework.test.context.support.DirtiesContextTestExecutionListener, org.springframework.test.context.transaction.TransactionalTestExecutionListener, org.springframework.test.context.jdbc.SqlScriptsTestExecutionListener]
2017-06-19 22:12:41.720  INFO 24877 --- [    Test worker] .b.t.c.SpringBootTestContextBootstrapper : Using TestExecutionListeners: [org.springframework.test.context.web.ServletTestExecutionListener@1f4da6cf, org.springframework.test.context.support.DirtiesContextBeforeModesTestExecutionListener@665f4dbb, org.springframework.boot.test.autoconfigure.SpringBootDependencyInjectionTestExecutionListener@6b601752, org.springframework.test.context.support.DirtiesContextTestExecutionListener@116fea26, org.springframework.test.context.transaction.TransactionalTestExecutionListener@63e64d1a, org.springframework.test.context.jdbc.SqlScriptsTestExecutionListener@7f48f648, org.springframework.boot.test.mock.mockito.MockitoTestExecutionListener@14f9a474, org.springframework.boot.test.autoconfigure.web.servlet.MockMvcPrintOnlyOnFailureTestExecutionListener@7aa94217, org.springframework.boot.test.autoconfigure.web.servlet.WebDriverTestExecutionListener@2bf65ec5, org.springframework.boot.test.autoconfigure.web.client.MockRestServiceServerResetTestExecutionListener@13340745, org.springframework.boot.test.mock.mockito.ResetMocksTestExecutionListener@4a37cb53, org.springframework.boot.test.autoconfigure.restdocs.RestDocsTestExecutionListener@7abe81f8]
Hibernate: select product0_.id as id1_2_0_, product0_.name as name2_2_0_, product0_.price as price3_2_0_ from products product0_ where product0_.id=?
Hibernate: select product0_.id as id1_2_, product0_.name as name2_2_, product0_.price as price3_2_ from products product0_
]]></system-out>
  <system-err><![CDATA[]]></system-err>
</testsuite>
